0 info it worked if it ends with ok
1 verbose cli [ '/usr/bin/nodejs',
1 verbose cli   '/usr/bin/npm',
1 verbose cli   'install',
1 verbose cli   'chart.js',
1 verbose cli   '--save' ]
2 info using npm@3.10.3
3 info using node@v6.5.0
4 silly loadCurrentTree Starting
5 silly install loadCurrentTree
6 silly install readLocalPackageData
7 silly fetchPackageMetaData chart.js
8 silly fetchNamedPackageData chart.js
9 silly mapToRegistry name chart.js
10 silly mapToRegistry using default registry
11 silly mapToRegistry registry https://registry.npmjs.org/
12 silly mapToRegistry data Result {
12 silly mapToRegistry   raw: 'chart.js',
12 silly mapToRegistry   scope: null,
12 silly mapToRegistry   escapedName: 'chart.js',
12 silly mapToRegistry   name: 'chart.js',
12 silly mapToRegistry   rawSpec: '',
12 silly mapToRegistry   spec: 'latest',
12 silly mapToRegistry   type: 'tag' }
13 silly mapToRegistry uri https://registry.npmjs.org/chart.js
14 verbose request uri https://registry.npmjs.org/chart.js
15 verbose request no auth needed
16 info attempt registry request try #1 at 11:54:08 AM
17 verbose request id c1a5662563ff2743
18 verbose etag "6YOYN5KK92MNHK4JJ74D8HZF2"
19 http request GET https://registry.npmjs.org/chart.js
20 http 304 https://registry.npmjs.org/chart.js
21 verbose headers { date: 'Mon, 26 Sep 2016 15:54:15 GMT',
21 verbose headers   via: '1.1 varnish',
21 verbose headers   'cache-control': 'max-age=300',
21 verbose headers   etag: '"6YOYN5KK92MNHK4JJ74D8HZF2"',
21 verbose headers   age: '0',
21 verbose headers   connection: 'keep-alive',
21 verbose headers   'x-served-by': 'cache-bos8230-BOS',
21 verbose headers   'x-cache': 'HIT',
21 verbose headers   'x-cache-hits': '1',
21 verbose headers   'x-timer': 'S1474905255.438905,VS0,VE154',
21 verbose headers   vary: 'Accept-Encoding' }
22 silly get cb [ 304,
22 silly get   { date: 'Mon, 26 Sep 2016 15:54:15 GMT',
22 silly get     via: '1.1 varnish',
22 silly get     'cache-control': 'max-age=300',
22 silly get     etag: '"6YOYN5KK92MNHK4JJ74D8HZF2"',
22 silly get     age: '0',
22 silly get     connection: 'keep-alive',
22 silly get     'x-served-by': 'cache-bos8230-BOS',
22 silly get     'x-cache': 'HIT',
22 silly get     'x-cache-hits': '1',
22 silly get     'x-timer': 'S1474905255.438905,VS0,VE154',
22 silly get     vary: 'Accept-Encoding' } ]
23 verbose etag https://registry.npmjs.org/chart.js from cache
24 verbose get saving chart.js to /home/JOBTARGET/p.morcilla/.npm/registry.npmjs.org/chart.js/.cache.json
25 verbose correctMkdir /home/JOBTARGET/p.morcilla/.npm correctMkdir not in flight; initializing
26 silly install normalizeTree
27 silly loadCurrentTree Finishing
28 silly loadIdealTree Starting
29 silly install loadIdealTree
30 silly cloneCurrentTree Starting
31 silly install cloneCurrentTreeToIdealTree
32 silly cloneCurrentTree Finishing
33 silly loadShrinkwrap Starting
34 silly install loadShrinkwrap
35 silly loadShrinkwrap Finishing
36 silly loadAllDepsIntoIdealTree Starting
37 silly install loadAllDepsIntoIdealTree
38 silly resolveWithNewModule chart.js@2.3.0 checking installable status
39 silly cache add args [ 'chart.js', null ]
40 verbose cache add spec chart.js
41 silly cache add parsed spec Result {
41 silly cache add   raw: 'chart.js',
41 silly cache add   scope: null,
41 silly cache add   escapedName: 'chart.js',
41 silly cache add   name: 'chart.js',
41 silly cache add   rawSpec: '',
41 silly cache add   spec: 'latest',
41 silly cache add   type: 'tag' }
42 silly addNamed chart.js@latest
43 verbose addNamed "latest" is being treated as a dist-tag for chart.js
44 info addNameTag [ 'chart.js', 'latest' ]
45 silly mapToRegistry name chart.js
46 silly mapToRegistry using default registry
47 silly mapToRegistry registry https://registry.npmjs.org/
48 silly mapToRegistry data Result {
48 silly mapToRegistry   raw: 'chart.js',
48 silly mapToRegistry   scope: null,
48 silly mapToRegistry   escapedName: 'chart.js',
48 silly mapToRegistry   name: 'chart.js',
48 silly mapToRegistry   rawSpec: '',
48 silly mapToRegistry   spec: 'latest',
48 silly mapToRegistry   type: 'tag' }
49 silly mapToRegistry uri https://registry.npmjs.org/chart.js
50 verbose addNameTag registry:https://registry.npmjs.org/chart.js not in flight; fetching
51 verbose get https://registry.npmjs.org/chart.js not expired, no request
52 silly addNameTag next cb for chart.js with tag latest
53 silly addNamed chart.js@2.3.0
54 verbose addNamed "2.3.0" is a plain semver version for chart.js
55 silly cache afterAdd chart.js@2.3.0
56 verbose afterAdd /home/JOBTARGET/p.morcilla/.npm/chart.js/2.3.0/package/package.json not in flight; writing
57 verbose correctMkdir /home/JOBTARGET/p.morcilla/.npm correctMkdir not in flight; initializing
58 verbose afterAdd /home/JOBTARGET/p.morcilla/.npm/chart.js/2.3.0/package/package.json written
59 silly fetchNamedPackageData chartjs-color
60 silly mapToRegistry name chartjs-color
61 silly mapToRegistry using default registry
62 silly mapToRegistry registry https://registry.npmjs.org/
63 silly mapToRegistry data Result {
63 silly mapToRegistry   raw: 'chartjs-color',
63 silly mapToRegistry   scope: null,
63 silly mapToRegistry   escapedName: 'chartjs-color',
63 silly mapToRegistry   name: 'chartjs-color',
63 silly mapToRegistry   rawSpec: '',
63 silly mapToRegistry   spec: 'latest',
63 silly mapToRegistry   type: 'tag' }
64 silly mapToRegistry uri https://registry.npmjs.org/chartjs-color
65 silly fetchNamedPackageData moment
66 silly mapToRegistry name moment
67 silly mapToRegistry using default registry
68 silly mapToRegistry registry https://registry.npmjs.org/
69 silly mapToRegistry data Result {
69 silly mapToRegistry   raw: 'moment',
69 silly mapToRegistry   scope: null,
69 silly mapToRegistry   escapedName: 'moment',
69 silly mapToRegistry   name: 'moment',
69 silly mapToRegistry   rawSpec: '',
69 silly mapToRegistry   spec: 'latest',
69 silly mapToRegistry   type: 'tag' }
70 silly mapToRegistry uri https://registry.npmjs.org/moment
71 verbose request uri https://registry.npmjs.org/chartjs-color
72 verbose request no auth needed
73 info attempt registry request try #1 at 11:54:09 AM
74 verbose etag "DOBAZ2P3ZGHAJGHNULUOWLAPE"
75 http request GET https://registry.npmjs.org/chartjs-color
76 verbose request uri https://registry.npmjs.org/moment
77 verbose request no auth needed
78 info attempt registry request try #1 at 11:54:09 AM
79 verbose etag "32QWK76ODCMPDKUYQEJ9UDBRT"
80 http request GET https://registry.npmjs.org/moment
81 http 304 https://registry.npmjs.org/moment
82 verbose headers { date: 'Mon, 26 Sep 2016 15:54:16 GMT',
82 verbose headers   via: '1.1 varnish',
82 verbose headers   'cache-control': 'max-age=300',
82 verbose headers   etag: '"32QWK76ODCMPDKUYQEJ9UDBRT"',
82 verbose headers   age: '116',
82 verbose headers   connection: 'keep-alive',
82 verbose headers   'x-served-by': 'cache-bos8233-BOS',
82 verbose headers   'x-cache': 'HIT',
82 verbose headers   'x-cache-hits': '1',
82 verbose headers   'x-timer': 'S1474905256.031590,VS0,VE0',
82 verbose headers   vary: 'Accept-Encoding' }
83 silly get cb [ 304,
83 silly get   { date: 'Mon, 26 Sep 2016 15:54:16 GMT',
83 silly get     via: '1.1 varnish',
83 silly get     'cache-control': 'max-age=300',
83 silly get     etag: '"32QWK76ODCMPDKUYQEJ9UDBRT"',
83 silly get     age: '116',
83 silly get     connection: 'keep-alive',
83 silly get     'x-served-by': 'cache-bos8233-BOS',
83 silly get     'x-cache': 'HIT',
83 silly get     'x-cache-hits': '1',
83 silly get     'x-timer': 'S1474905256.031590,VS0,VE0',
83 silly get     vary: 'Accept-Encoding' } ]
84 verbose etag https://registry.npmjs.org/moment from cache
85 verbose get saving moment to /home/JOBTARGET/p.morcilla/.npm/registry.npmjs.org/moment/.cache.json
86 verbose correctMkdir /home/JOBTARGET/p.morcilla/.npm correctMkdir not in flight; initializing
87 silly resolveWithNewModule moment@2.15.1 checking installable status
88 silly cache add args [ 'moment@^2.10.6', null ]
89 verbose cache add spec moment@^2.10.6
90 silly cache add parsed spec Result {
90 silly cache add   raw: 'moment@^2.10.6',
90 silly cache add   scope: null,
90 silly cache add   escapedName: 'moment',
90 silly cache add   name: 'moment',
90 silly cache add   rawSpec: '^2.10.6',
90 silly cache add   spec: '>=2.10.6 <3.0.0',
90 silly cache add   type: 'range' }
91 silly addNamed moment@>=2.10.6 <3.0.0
92 verbose addNamed ">=2.10.6 <3.0.0" is a valid semver range for moment
93 silly addNameRange { name: 'moment', range: '>=2.10.6 <3.0.0', hasData: false }
94 silly mapToRegistry name moment
95 silly mapToRegistry using default registry
96 silly mapToRegistry registry https://registry.npmjs.org/
97 silly mapToRegistry data Result {
97 silly mapToRegistry   raw: 'moment',
97 silly mapToRegistry   scope: null,
97 silly mapToRegistry   escapedName: 'moment',
97 silly mapToRegistry   name: 'moment',
97 silly mapToRegistry   rawSpec: '',
97 silly mapToRegistry   spec: 'latest',
97 silly mapToRegistry   type: 'tag' }
98 silly mapToRegistry uri https://registry.npmjs.org/moment
99 verbose addNameRange registry:https://registry.npmjs.org/moment not in flight; fetching
100 verbose get https://registry.npmjs.org/moment not expired, no request
101 silly addNameRange number 2 { name: 'moment', range: '>=2.10.6 <3.0.0', hasData: true }
102 silly addNameRange versions [ 'moment',
102 silly addNameRange   [ '1.0.0',
102 silly addNameRange     '1.0.1',
102 silly addNameRange     '1.1.0',
102 silly addNameRange     '1.1.1',
102 silly addNameRange     '1.2.0',
102 silly addNameRange     '1.3.0',
102 silly addNameRange     '1.4.0',
102 silly addNameRange     '1.5.0',
102 silly addNameRange     '1.5.1',
102 silly addNameRange     '1.6.0',
102 silly addNameRange     '1.6.1',
102 silly addNameRange     '1.6.2',
102 silly addNameRange     '1.7.0',
102 silly addNameRange     '1.7.1',
102 silly addNameRange     '1.7.2',
102 silly addNameRange     '2.0.0',
102 silly addNameRange     '2.1.0',
102 silly addNameRange     '2.2.1',
102 silly addNameRange     '2.3.0',
102 silly addNameRange     '2.3.1',
102 silly addNameRange     '2.4.0',
102 silly addNameRange     '2.5.0',
102 silly addNameRange     '2.5.1',
102 silly addNameRange     '2.6.0',
102 silly addNameRange     '2.7.0',
102 silly addNameRange     '2.8.1',
102 silly addNameRange     '2.8.2',
102 silly addNameRange     '2.8.3',
102 silly addNameRange     '2.8.4',
102 silly addNameRange     '2.9.0',
102 silly addNameRange     '2.10.2',
102 silly addNameRange     '2.10.3',
102 silly addNameRange     '2.10.5',
102 silly addNameRange     '2.10.6',
102 silly addNameRange     '2.11.0',
102 silly addNameRange     '2.11.1',
102 silly addNameRange     '2.11.2',
102 silly addNameRange     '2.12.0',
102 silly addNameRange     '2.13.0',
102 silly addNameRange     '2.14.0',
102 silly addNameRange     '2.14.1',
102 silly addNameRange     '2.15.0',
102 silly addNameRange     '2.15.1' ] ]
103 silly addNamed moment@2.15.1
104 verbose addNamed "2.15.1" is a plain semver version for moment
105 silly cache afterAdd moment@2.15.1
106 verbose afterAdd /home/JOBTARGET/p.morcilla/.npm/moment/2.15.1/package/package.json not in flight; writing
107 verbose correctMkdir /home/JOBTARGET/p.morcilla/.npm correctMkdir not in flight; initializing
108 verbose afterAdd /home/JOBTARGET/p.morcilla/.npm/moment/2.15.1/package/package.json written
109 http 304 https://registry.npmjs.org/chartjs-color
110 verbose headers { date: 'Mon, 26 Sep 2016 15:54:16 GMT',
110 verbose headers   via: '1.1 varnish',
110 verbose headers   'cache-control': 'max-age=300',
110 verbose headers   etag: '"DOBAZ2P3ZGHAJGHNULUOWLAPE"',
110 verbose headers   age: '0',
110 verbose headers   connection: 'keep-alive',
110 verbose headers   'x-served-by': 'cache-bos8230-BOS',
110 verbose headers   'x-cache': 'HIT',
110 verbose headers   'x-cache-hits': '1',
110 verbose headers   'x-timer': 'S1474905256.026351,VS0,VE154',
110 verbose headers   vary: 'Accept-Encoding' }
111 silly get cb [ 304,
111 silly get   { date: 'Mon, 26 Sep 2016 15:54:16 GMT',
111 silly get     via: '1.1 varnish',
111 silly get     'cache-control': 'max-age=300',
111 silly get     etag: '"DOBAZ2P3ZGHAJGHNULUOWLAPE"',
111 silly get     age: '0',
111 silly get     connection: 'keep-alive',
111 silly get     'x-served-by': 'cache-bos8230-BOS',
111 silly get     'x-cache': 'HIT',
111 silly get     'x-cache-hits': '1',
111 silly get     'x-timer': 'S1474905256.026351,VS0,VE154',
111 silly get     vary: 'Accept-Encoding' } ]
112 verbose etag https://registry.npmjs.org/chartjs-color from cache
113 verbose get saving chartjs-color to /home/JOBTARGET/p.morcilla/.npm/registry.npmjs.org/chartjs-color/.cache.json
114 verbose correctMkdir /home/JOBTARGET/p.morcilla/.npm correctMkdir not in flight; initializing
115 silly resolveWithNewModule chartjs-color@2.0.0 checking installable status
116 silly cache add args [ 'chartjs-color@^2.0.0', null ]
117 verbose cache add spec chartjs-color@^2.0.0
118 silly cache add parsed spec Result {
118 silly cache add   raw: 'chartjs-color@^2.0.0',
118 silly cache add   scope: null,
118 silly cache add   escapedName: 'chartjs-color',
118 silly cache add   name: 'chartjs-color',
118 silly cache add   rawSpec: '^2.0.0',
118 silly cache add   spec: '>=2.0.0 <3.0.0',
118 silly cache add   type: 'range' }
119 silly addNamed chartjs-color@>=2.0.0 <3.0.0
120 verbose addNamed ">=2.0.0 <3.0.0" is a valid semver range for chartjs-color
121 silly addNameRange { name: 'chartjs-color',
121 silly addNameRange   range: '>=2.0.0 <3.0.0',
121 silly addNameRange   hasData: false }
122 silly mapToRegistry name chartjs-color
123 silly mapToRegistry using default registry
124 silly mapToRegistry registry https://registry.npmjs.org/
125 silly mapToRegistry data Result {
125 silly mapToRegistry   raw: 'chartjs-color',
125 silly mapToRegistry   scope: null,
125 silly mapToRegistry   escapedName: 'chartjs-color',
125 silly mapToRegistry   name: 'chartjs-color',
125 silly mapToRegistry   rawSpec: '',
125 silly mapToRegistry   spec: 'latest',
125 silly mapToRegistry   type: 'tag' }
126 silly mapToRegistry uri https://registry.npmjs.org/chartjs-color
127 verbose addNameRange registry:https://registry.npmjs.org/chartjs-color not in flight; fetching
128 verbose get https://registry.npmjs.org/chartjs-color not expired, no request
129 silly addNameRange number 2 { name: 'chartjs-color', range: '>=2.0.0 <3.0.0', hasData: true }
130 silly addNameRange versions [ 'chartjs-color',
130 silly addNameRange   [ '0.8.2', '1.0.2', '1.0.21', '1.0.22', '2.0.0' ] ]
131 silly addNamed chartjs-color@2.0.0
132 verbose addNamed "2.0.0" is a plain semver version for chartjs-color
133 silly cache afterAdd chartjs-color@2.0.0
134 verbose afterAdd /home/JOBTARGET/p.morcilla/.npm/chartjs-color/2.0.0/package/package.json not in flight; writing
135 verbose correctMkdir /home/JOBTARGET/p.morcilla/.npm correctMkdir not in flight; initializing
136 verbose afterAdd /home/JOBTARGET/p.morcilla/.npm/chartjs-color/2.0.0/package/package.json written
137 silly fetchNamedPackageData color-convert
138 silly mapToRegistry name color-convert
139 silly mapToRegistry using default registry
140 silly mapToRegistry registry https://registry.npmjs.org/
141 silly mapToRegistry data Result {
141 silly mapToRegistry   raw: 'color-convert',
141 silly mapToRegistry   scope: null,
141 silly mapToRegistry   escapedName: 'color-convert',
141 silly mapToRegistry   name: 'color-convert',
141 silly mapToRegistry   rawSpec: '',
141 silly mapToRegistry   spec: 'latest',
141 silly mapToRegistry   type: 'tag' }
142 silly mapToRegistry uri https://registry.npmjs.org/color-convert
143 silly fetchNamedPackageData chartjs-color-string
144 silly mapToRegistry name chartjs-color-string
145 silly mapToRegistry using default registry
146 silly mapToRegistry registry https://registry.npmjs.org/
147 silly mapToRegistry data Result {
147 silly mapToRegistry   raw: 'chartjs-color-string',
147 silly mapToRegistry   scope: null,
147 silly mapToRegistry   escapedName: 'chartjs-color-string',
147 silly mapToRegistry   name: 'chartjs-color-string',
147 silly mapToRegistry   rawSpec: '',
147 silly mapToRegistry   spec: 'latest',
147 silly mapToRegistry   type: 'tag' }
148 silly mapToRegistry uri https://registry.npmjs.org/chartjs-color-string
149 verbose request uri https://registry.npmjs.org/color-convert
150 verbose request no auth needed
151 info attempt registry request try #1 at 11:54:09 AM
152 verbose etag "4SHFZYHZ94R6RZ3DQXV0PTRQA"
153 http request GET https://registry.npmjs.org/color-convert
154 verbose request uri https://registry.npmjs.org/chartjs-color-string
155 verbose request no auth needed
156 info attempt registry request try #1 at 11:54:09 AM
157 verbose etag "4Z2R1EDX411FVZW0QDF3M3ZZU"
158 http request GET https://registry.npmjs.org/chartjs-color-string
159 http 304 https://registry.npmjs.org/chartjs-color-string
160 verbose headers { date: 'Mon, 26 Sep 2016 15:54:16 GMT',
160 verbose headers   via: '1.1 varnish',
160 verbose headers   'cache-control': 'max-age=300',
160 verbose headers   etag: '"4Z2R1EDX411FVZW0QDF3M3ZZU"',
160 verbose headers   age: '0',
160 verbose headers   connection: 'keep-alive',
160 verbose headers   'x-served-by': 'cache-bos8230-BOS',
160 verbose headers   'x-cache': 'HIT',
160 verbose headers   'x-cache-hits': '1',
160 verbose headers   'x-timer': 'S1474905256.203061,VS0,VE153',
160 verbose headers   vary: 'Accept-Encoding' }
161 silly get cb [ 304,
161 silly get   { date: 'Mon, 26 Sep 2016 15:54:16 GMT',
161 silly get     via: '1.1 varnish',
161 silly get     'cache-control': 'max-age=300',
161 silly get     etag: '"4Z2R1EDX411FVZW0QDF3M3ZZU"',
161 silly get     age: '0',
161 silly get     connection: 'keep-alive',
161 silly get     'x-served-by': 'cache-bos8230-BOS',
161 silly get     'x-cache': 'HIT',
161 silly get     'x-cache-hits': '1',
161 silly get     'x-timer': 'S1474905256.203061,VS0,VE153',
161 silly get     vary: 'Accept-Encoding' } ]
162 verbose etag https://registry.npmjs.org/chartjs-color-string from cache
163 verbose get saving chartjs-color-string to /home/JOBTARGET/p.morcilla/.npm/registry.npmjs.org/chartjs-color-string/.cache.json
164 verbose correctMkdir /home/JOBTARGET/p.morcilla/.npm correctMkdir not in flight; initializing
165 silly resolveWithNewModule chartjs-color-string@0.4.0 checking installable status
166 silly cache add args [ 'chartjs-color-string@^0.4.0', null ]
167 verbose cache add spec chartjs-color-string@^0.4.0
168 silly cache add parsed spec Result {
168 silly cache add   raw: 'chartjs-color-string@^0.4.0',
168 silly cache add   scope: null,
168 silly cache add   escapedName: 'chartjs-color-string',
168 silly cache add   name: 'chartjs-color-string',
168 silly cache add   rawSpec: '^0.4.0',
168 silly cache add   spec: '>=0.4.0 <0.5.0',
168 silly cache add   type: 'range' }
169 silly addNamed chartjs-color-string@>=0.4.0 <0.5.0
170 verbose addNamed ">=0.4.0 <0.5.0" is a valid semver range for chartjs-color-string
171 silly addNameRange { name: 'chartjs-color-string',
171 silly addNameRange   range: '>=0.4.0 <0.5.0',
171 silly addNameRange   hasData: false }
172 silly mapToRegistry name chartjs-color-string
173 silly mapToRegistry using default registry
174 silly mapToRegistry registry https://registry.npmjs.org/
175 silly mapToRegistry data Result {
175 silly mapToRegistry   raw: 'chartjs-color-string',
175 silly mapToRegistry   scope: null,
175 silly mapToRegistry   escapedName: 'chartjs-color-string',
175 silly mapToRegistry   name: 'chartjs-color-string',
175 silly mapToRegistry   rawSpec: '',
175 silly mapToRegistry   spec: 'latest',
175 silly mapToRegistry   type: 'tag' }
176 silly mapToRegistry uri https://registry.npmjs.org/chartjs-color-string
177 verbose addNameRange registry:https://registry.npmjs.org/chartjs-color-string not in flight; fetching
178 verbose get https://registry.npmjs.org/chartjs-color-string not expired, no request
179 silly addNameRange number 2 { name: 'chartjs-color-string',
179 silly addNameRange   range: '>=0.4.0 <0.5.0',
179 silly addNameRange   hasData: true }
180 silly addNameRange versions [ 'chartjs-color-string', [ '0.4.0' ] ]
181 silly addNamed chartjs-color-string@0.4.0
182 verbose addNamed "0.4.0" is a plain semver version for chartjs-color-string
183 silly cache afterAdd chartjs-color-string@0.4.0
184 verbose afterAdd /home/JOBTARGET/p.morcilla/.npm/chartjs-color-string/0.4.0/package/package.json not in flight; writing
185 verbose correctMkdir /home/JOBTARGET/p.morcilla/.npm correctMkdir not in flight; initializing
186 verbose afterAdd /home/JOBTARGET/p.morcilla/.npm/chartjs-color-string/0.4.0/package/package.json written
187 http 304 https://registry.npmjs.org/color-convert
188 verbose headers { date: 'Mon, 26 Sep 2016 15:54:16 GMT',
188 verbose headers   via: '1.1 varnish',
188 verbose headers   'cache-control': 'max-age=300',
188 verbose headers   etag: '"4SHFZYHZ94R6RZ3DQXV0PTRQA"',
188 verbose headers   age: '0',
188 verbose headers   connection: 'keep-alive',
188 verbose headers   'x-served-by': 'cache-bos8233-BOS',
188 verbose headers   'x-cache': 'HIT',
188 verbose headers   'x-cache-hits': '1',
188 verbose headers   'x-timer': 'S1474905256.202984,VS0,VE432',
188 verbose headers   vary: 'Accept-Encoding' }
189 silly get cb [ 304,
189 silly get   { date: 'Mon, 26 Sep 2016 15:54:16 GMT',
189 silly get     via: '1.1 varnish',
189 silly get     'cache-control': 'max-age=300',
189 silly get     etag: '"4SHFZYHZ94R6RZ3DQXV0PTRQA"',
189 silly get     age: '0',
189 silly get     connection: 'keep-alive',
189 silly get     'x-served-by': 'cache-bos8233-BOS',
189 silly get     'x-cache': 'HIT',
189 silly get     'x-cache-hits': '1',
189 silly get     'x-timer': 'S1474905256.202984,VS0,VE432',
189 silly get     vary: 'Accept-Encoding' } ]
190 verbose etag https://registry.npmjs.org/color-convert from cache
191 verbose get saving color-convert to /home/JOBTARGET/p.morcilla/.npm/registry.npmjs.org/color-convert/.cache.json
192 verbose correctMkdir /home/JOBTARGET/p.morcilla/.npm correctMkdir not in flight; initializing
193 silly resolveWithNewModule color-convert@0.5.3 checking installable status
194 silly cache add args [ 'color-convert@^0.5.3', null ]
195 verbose cache add spec color-convert@^0.5.3
196 silly cache add parsed spec Result {
196 silly cache add   raw: 'color-convert@^0.5.3',
196 silly cache add   scope: null,
196 silly cache add   escapedName: 'color-convert',
196 silly cache add   name: 'color-convert',
196 silly cache add   rawSpec: '^0.5.3',
196 silly cache add   spec: '>=0.5.3 <0.6.0',
196 silly cache add   type: 'range' }
197 silly addNamed color-convert@>=0.5.3 <0.6.0
198 verbose addNamed ">=0.5.3 <0.6.0" is a valid semver range for color-convert
199 silly addNameRange { name: 'color-convert',
199 silly addNameRange   range: '>=0.5.3 <0.6.0',
199 silly addNameRange   hasData: false }
200 silly mapToRegistry name color-convert
201 silly mapToRegistry using default registry
202 silly mapToRegistry registry https://registry.npmjs.org/
203 silly mapToRegistry data Result {
203 silly mapToRegistry   raw: 'color-convert',
203 silly mapToRegistry   scope: null,
203 silly mapToRegistry   escapedName: 'color-convert',
203 silly mapToRegistry   name: 'color-convert',
203 silly mapToRegistry   rawSpec: '',
203 silly mapToRegistry   spec: 'latest',
203 silly mapToRegistry   type: 'tag' }
204 silly mapToRegistry uri https://registry.npmjs.org/color-convert
205 verbose addNameRange registry:https://registry.npmjs.org/color-convert not in flight; fetching
206 verbose get https://registry.npmjs.org/color-convert not expired, no request
207 silly addNameRange number 2 { name: 'color-convert', range: '>=0.5.3 <0.6.0', hasData: true }
208 silly addNameRange versions [ 'color-convert',
208 silly addNameRange   [ '0.1.0',
208 silly addNameRange     '0.2.0',
208 silly addNameRange     '0.2.1',
208 silly addNameRange     '0.3.0',
208 silly addNameRange     '0.3.1',
208 silly addNameRange     '0.3.4',
208 silly addNameRange     '0.4.0',
208 silly addNameRange     '0.5.0',
208 silly addNameRange     '0.5.1',
208 silly addNameRange     '0.5.2',
208 silly addNameRange     '0.5.3',
208 silly addNameRange     '0.6.0',
208 silly addNameRange     '0.7.0',
208 silly addNameRange     '1.0.0',
208 silly addNameRange     '1.1.0',
208 silly addNameRange     '1.1.1',
208 silly addNameRange     '1.1.2',
208 silly addNameRange     '1.2.0',
208 silly addNameRange     '1.2.1',
208 silly addNameRange     '1.2.2',
208 silly addNameRange     '1.3.0',
208 silly addNameRange     '1.3.1',
208 silly addNameRange     '1.4.0',
208 silly addNameRange     '1.5.0' ] ]
209 silly addNamed color-convert@0.5.3
210 verbose addNamed "0.5.3" is a plain semver version for color-convert
211 silly cache afterAdd color-convert@0.5.3
212 verbose afterAdd /home/JOBTARGET/p.morcilla/.npm/color-convert/0.5.3/package/package.json not in flight; writing
213 verbose correctMkdir /home/JOBTARGET/p.morcilla/.npm correctMkdir not in flight; initializing
214 verbose afterAdd /home/JOBTARGET/p.morcilla/.npm/color-convert/0.5.3/package/package.json written
215 silly fetchNamedPackageData color-name
216 silly mapToRegistry name color-name
217 silly mapToRegistry using default registry
218 silly mapToRegistry registry https://registry.npmjs.org/
219 silly mapToRegistry data Result {
219 silly mapToRegistry   raw: 'color-name',
219 silly mapToRegistry   scope: null,
219 silly mapToRegistry   escapedName: 'color-name',
219 silly mapToRegistry   name: 'color-name',
219 silly mapToRegistry   rawSpec: '',
219 silly mapToRegistry   spec: 'latest',
219 silly mapToRegistry   type: 'tag' }
220 silly mapToRegistry uri https://registry.npmjs.org/color-name
221 verbose request uri https://registry.npmjs.org/color-name
222 verbose request no auth needed
223 info attempt registry request try #1 at 11:54:09 AM
224 verbose etag "9XAYPUAP978784IWZSSO4BOH6"
225 http request GET https://registry.npmjs.org/color-name
226 http 304 https://registry.npmjs.org/color-name
227 verbose headers { date: 'Mon, 26 Sep 2016 15:54:16 GMT',
227 verbose headers   via: '1.1 varnish',
227 verbose headers   'cache-control': 'max-age=300',
227 verbose headers   etag: '"9XAYPUAP978784IWZSSO4BOH6"',
227 verbose headers   age: '0',
227 verbose headers   connection: 'keep-alive',
227 verbose headers   'x-served-by': 'cache-bos8230-BOS',
227 verbose headers   'x-cache': 'HIT',
227 verbose headers   'x-cache-hits': '1',
227 verbose headers   'x-timer': 'S1474905256.684819,VS0,VE449',
227 verbose headers   vary: 'Accept-Encoding' }
228 silly get cb [ 304,
228 silly get   { date: 'Mon, 26 Sep 2016 15:54:16 GMT',
228 silly get     via: '1.1 varnish',
228 silly get     'cache-control': 'max-age=300',
228 silly get     etag: '"9XAYPUAP978784IWZSSO4BOH6"',
228 silly get     age: '0',
228 silly get     connection: 'keep-alive',
228 silly get     'x-served-by': 'cache-bos8230-BOS',
228 silly get     'x-cache': 'HIT',
228 silly get     'x-cache-hits': '1',
228 silly get     'x-timer': 'S1474905256.684819,VS0,VE449',
228 silly get     vary: 'Accept-Encoding' } ]
229 verbose etag https://registry.npmjs.org/color-name from cache
230 verbose get saving color-name to /home/JOBTARGET/p.morcilla/.npm/registry.npmjs.org/color-name/.cache.json
231 verbose correctMkdir /home/JOBTARGET/p.morcilla/.npm correctMkdir not in flight; initializing
232 silly resolveWithNewModule color-name@1.1.1 checking installable status
233 silly cache add args [ 'color-name@^1.0.0', null ]
234 verbose cache add spec color-name@^1.0.0
235 silly cache add parsed spec Result {
235 silly cache add   raw: 'color-name@^1.0.0',
235 silly cache add   scope: null,
235 silly cache add   escapedName: 'color-name',
235 silly cache add   name: 'color-name',
235 silly cache add   rawSpec: '^1.0.0',
235 silly cache add   spec: '>=1.0.0 <2.0.0',
235 silly cache add   type: 'range' }
236 silly addNamed color-name@>=1.0.0 <2.0.0
237 verbose addNamed ">=1.0.0 <2.0.0" is a valid semver range for color-name
238 silly addNameRange { name: 'color-name', range: '>=1.0.0 <2.0.0', hasData: false }
239 silly mapToRegistry name color-name
240 silly mapToRegistry using default registry
241 silly mapToRegistry registry https://registry.npmjs.org/
242 silly mapToRegistry data Result {
242 silly mapToRegistry   raw: 'color-name',
242 silly mapToRegistry   scope: null,
242 silly mapToRegistry   escapedName: 'color-name',
242 silly mapToRegistry   name: 'color-name',
242 silly mapToRegistry   rawSpec: '',
242 silly mapToRegistry   spec: 'latest',
242 silly mapToRegistry   type: 'tag' }
243 silly mapToRegistry uri https://registry.npmjs.org/color-name
244 verbose addNameRange registry:https://registry.npmjs.org/color-name not in flight; fetching
245 verbose get https://registry.npmjs.org/color-name not expired, no request
246 silly addNameRange number 2 { name: 'color-name', range: '>=1.0.0 <2.0.0', hasData: true }
247 silly addNameRange versions [ 'color-name',
247 silly addNameRange   [ '0.0.1', '0.0.2', '1.0.0', '1.0.1', '1.1.0', '1.1.1' ] ]
248 silly addNamed color-name@1.1.1
249 verbose addNamed "1.1.1" is a plain semver version for color-name
250 silly cache afterAdd color-name@1.1.1
251 verbose afterAdd /home/JOBTARGET/p.morcilla/.npm/color-name/1.1.1/package/package.json not in flight; writing
252 verbose correctMkdir /home/JOBTARGET/p.morcilla/.npm correctMkdir not in flight; initializing
253 verbose afterAdd /home/JOBTARGET/p.morcilla/.npm/color-name/1.1.1/package/package.json written
254 silly fetchNamedPackageData fsevents
255 silly mapToRegistry name fsevents
256 silly mapToRegistry using default registry
257 silly mapToRegistry registry https://registry.npmjs.org/
258 silly mapToRegistry data Result {
258 silly mapToRegistry   raw: 'fsevents',
258 silly mapToRegistry   scope: null,
258 silly mapToRegistry   escapedName: 'fsevents',
258 silly mapToRegistry   name: 'fsevents',
258 silly mapToRegistry   rawSpec: '',
258 silly mapToRegistry   spec: 'latest',
258 silly mapToRegistry   type: 'tag' }
259 silly mapToRegistry uri https://registry.npmjs.org/fsevents
260 verbose request uri https://registry.npmjs.org/fsevents
261 verbose request no auth needed
262 info attempt registry request try #1 at 11:54:10 AM
263 verbose etag "BZFGM7JC7HRKW9OX618G2ICHV"
264 http request GET https://registry.npmjs.org/fsevents
265 http 304 https://registry.npmjs.org/fsevents
266 verbose headers { date: 'Mon, 26 Sep 2016 15:54:17 GMT',
266 verbose headers   via: '1.1 varnish',
266 verbose headers   'cache-control': 'max-age=300',
266 verbose headers   etag: '"BZFGM7JC7HRKW9OX618G2ICHV"',
266 verbose headers   age: '169',
266 verbose headers   connection: 'keep-alive',
266 verbose headers   'x-served-by': 'cache-bos8233-BOS',
266 verbose headers   'x-cache': 'HIT',
266 verbose headers   'x-cache-hits': '2',
266 verbose headers   'x-timer': 'S1474905257.325053,VS0,VE0',
266 verbose headers   vary: 'Accept-Encoding' }
267 silly get cb [ 304,
267 silly get   { date: 'Mon, 26 Sep 2016 15:54:17 GMT',
267 silly get     via: '1.1 varnish',
267 silly get     'cache-control': 'max-age=300',
267 silly get     etag: '"BZFGM7JC7HRKW9OX618G2ICHV"',
267 silly get     age: '169',
267 silly get     connection: 'keep-alive',
267 silly get     'x-served-by': 'cache-bos8233-BOS',
267 silly get     'x-cache': 'HIT',
267 silly get     'x-cache-hits': '2',
267 silly get     'x-timer': 'S1474905257.325053,VS0,VE0',
267 silly get     vary: 'Accept-Encoding' } ]
268 verbose etag https://registry.npmjs.org/fsevents from cache
269 verbose get saving fsevents to /home/JOBTARGET/p.morcilla/.npm/registry.npmjs.org/fsevents/.cache.json
270 verbose correctMkdir /home/JOBTARGET/p.morcilla/.npm correctMkdir not in flight; initializing
271 silly resolveWithNewModule fsevents@1.0.14 checking installable status
272 silly loadAllDepsIntoIdealTree Finishing
273 silly loadIdealTree Finishing
274 silly currentTree angular-seed@0.0.0
274 silly currentTree ├─┬ accepts@1.1.4
274 silly currentTree │ ├── mime-db@1.12.0
274 silly currentTree │ └── mime-types@2.0.14
274 silly currentTree ├── adm-zip@0.4.7
274 silly currentTree ├── after@0.8.1
274 silly currentTree ├─┬ agent-base@2.0.1
274 silly currentTree │ └── semver@5.0.3
274 silly currentTree ├── amdefine@1.0.0
274 silly currentTree ├── ansi-regex@2.0.0
274 silly currentTree ├── ansi-styles@2.2.1
274 silly currentTree ├── anymatch@1.3.0
274 silly currentTree ├── arr-diff@2.0.0
274 silly currentTree ├── arr-flatten@1.0.1
274 silly currentTree ├── array-slice@0.2.3
274 silly currentTree ├── array-unique@0.2.1
274 silly currentTree ├── arraybuffer.slice@0.0.6
274 silly currentTree ├── arrify@1.0.1
274 silly currentTree ├── asn1@0.2.3
274 silly currentTree ├── assert-plus@0.2.0
274 silly currentTree ├── async-each@1.0.1
274 silly currentTree ├── async@0.9.0
274 silly currentTree ├── aws-sign2@0.6.0
274 silly currentTree ├── backo2@1.0.2
274 silly currentTree ├── balanced-match@0.4.2
274 silly currentTree ├── base64-arraybuffer@0.1.2
274 silly currentTree ├── base64id@0.1.0
274 silly currentTree ├── batch@0.5.3
274 silly currentTree ├─┬ bcrypt-pbkdf@1.0.0
274 silly currentTree │ └── tweetnacl@0.14.3
274 silly currentTree ├── benchmark@1.0.0
274 silly currentTree ├── better-assert@1.0.2
274 silly currentTree ├── binary-extensions@1.6.0
274 silly currentTree ├─┬ bl@1.0.3
274 silly currentTree │ └── readable-stream@2.0.6
274 silly currentTree ├── blob@0.0.4
274 silly currentTree ├── bluebird@2.11.0
274 silly currentTree ├─┬ body-parser@1.15.2
274 silly currentTree │ └── qs@6.2.0
274 silly currentTree ├── boom@2.10.1
274 silly currentTree ├── bower@1.7.9
274 silly currentTree ├── brace-expansion@1.1.6
274 silly currentTree ├── braces@1.8.5
274 silly currentTree ├── buffer-shims@1.0.0
274 silly currentTree ├── bytes@2.4.0
274 silly currentTree ├── callsite@1.0.0
274 silly currentTree ├── caseless@0.11.0
274 silly currentTree ├── chalk@1.1.3
274 silly currentTree ├── chokidar@1.6.0
274 silly currentTree ├── colors@1.0.3
274 silly currentTree ├── combined-stream@1.0.5
274 silly currentTree ├── commander@2.9.0
274 silly currentTree ├── component-bind@1.0.0
274 silly currentTree ├── component-emitter@1.1.2
274 silly currentTree ├── component-inherit@0.0.3
274 silly currentTree ├── concat-map@0.0.1
274 silly currentTree ├── connect@3.5.0
274 silly currentTree ├── content-type@1.0.2
274 silly currentTree ├── core-js@2.4.1
274 silly currentTree ├── core-util-is@1.0.2
274 silly currentTree ├── corser@2.0.1
274 silly currentTree ├── cryptiles@2.0.5
274 silly currentTree ├── custom-event@1.0.0
274 silly currentTree ├─┬ dashdash@1.14.0
274 silly currentTree │ └── assert-plus@1.0.0
274 silly currentTree ├── debug@2.2.0
274 silly currentTree ├── delayed-stream@1.0.0
274 silly currentTree ├── depd@1.1.0
274 silly currentTree ├── di@0.0.1
274 silly currentTree ├── dom-serialize@2.2.1
274 silly currentTree ├── ecc-jsbn@0.1.1
274 silly currentTree ├── ecstatic@1.4.1
274 silly currentTree ├── ee-first@1.1.1
274 silly currentTree ├─┬ engine.io-client@1.6.11
274 silly currentTree │ └── ws@1.0.1
274 silly currentTree ├─┬ engine.io-parser@1.2.4
274 silly currentTree │ ├── has-binary@0.1.6
274 silly currentTree │ └── isarray@0.0.1
274 silly currentTree ├── engine.io@1.6.11
274 silly currentTree ├── ent@2.2.0
274 silly currentTree ├── escape-html@1.0.3
274 silly currentTree ├── escape-string-regexp@1.0.5
274 silly currentTree ├── eventemitter3@1.2.0
274 silly currentTree ├── exit@0.1.2
274 silly currentTree ├─┬ expand-braces@0.1.2
274 silly currentTree │ ├── braces@0.1.5
274 silly currentTree │ ├── expand-range@0.1.1
274 silly currentTree │ ├── is-number@0.1.1
274 silly currentTree │ └── repeat-string@0.2.2
274 silly currentTree ├── expand-brackets@0.1.5
274 silly currentTree ├── expand-range@1.8.2
274 silly currentTree ├── extend@3.0.0
274 silly currentTree ├── extglob@0.3.2
274 silly currentTree ├── extsprintf@1.0.2
274 silly currentTree ├── filename-regex@2.0.0
274 silly currentTree ├── fill-range@2.2.3
274 silly currentTree ├── finalhandler@0.5.0
274 silly currentTree ├── for-in@0.1.6
274 silly currentTree ├── for-own@0.1.4
274 silly currentTree ├── forever-agent@0.6.1
274 silly currentTree ├─┬ form-data@1.0.1
274 silly currentTree │ ├── async@2.0.1
274 silly currentTree │ └── lodash@4.16.0
274 silly currentTree ├── fs-access@1.0.0
274 silly currentTree ├── fs.realpath@1.0.0
274 silly currentTree ├── generate-function@2.0.0
274 silly currentTree ├── generate-object-property@1.2.0
274 silly currentTree ├─┬ getpass@0.1.6
274 silly currentTree │ └── assert-plus@1.0.0
274 silly currentTree ├── glob-base@0.3.0
274 silly currentTree ├── glob-parent@2.0.0
274 silly currentTree ├── glob@7.0.6
274 silly currentTree ├── graceful-fs@4.1.6
274 silly currentTree ├── graceful-readlink@1.0.1
274 silly currentTree ├── har-validator@2.0.6
274 silly currentTree ├── has-ansi@2.0.0
274 silly currentTree ├─┬ has-binary@0.1.7
274 silly currentTree │ └── isarray@0.0.1
274 silly currentTree ├── has-cors@1.1.0
274 silly currentTree ├── hawk@3.1.3
274 silly currentTree ├── he@0.5.0
274 silly currentTree ├── hoek@2.16.3
274 silly currentTree ├── http-errors@1.5.0
274 silly currentTree ├── http-proxy@1.15.1
274 silly currentTree ├── http-server@0.9.0
274 silly currentTree ├── http-signature@1.1.1
274 silly currentTree ├── https-proxy-agent@1.0.0
274 silly currentTree ├── iconv-lite@0.4.13
274 silly currentTree ├── indexof@0.0.1
274 silly currentTree ├── inflight@1.0.5
274 silly currentTree ├── inherits@2.0.1
274 silly currentTree ├── is-binary-path@1.0.1
274 silly currentTree ├── is-buffer@1.1.4
274 silly currentTree ├── is-dotfile@1.0.2
274 silly currentTree ├── is-equal-shallow@0.1.3
274 silly currentTree ├── is-extendable@0.1.1
274 silly currentTree ├── is-extglob@1.0.0
274 silly currentTree ├── is-glob@2.0.1
274 silly currentTree ├── is-my-json-valid@2.14.0
274 silly currentTree ├── is-number@2.1.0
274 silly currentTree ├── is-posix-bracket@0.1.1
274 silly currentTree ├── is-primitive@2.0.0
274 silly currentTree ├── is-property@1.0.2
274 silly currentTree ├── is-typedarray@1.0.0
274 silly currentTree ├── isarray@1.0.0
274 silly currentTree ├── isbinaryfile@3.0.1
274 silly currentTree ├── isexe@1.1.2
274 silly currentTree ├── isobject@2.1.0
274 silly currentTree ├── isstream@0.1.2
274 silly currentTree ├── jasmine-core@2.5.2
274 silly currentTree ├─┬ jasmine@2.4.1
274 silly currentTree │ ├── glob@3.2.11
274 silly currentTree │ ├── jasmine-core@2.4.1
274 silly currentTree │ └── minimatch@0.3.0
274 silly currentTree ├── jasminewd2@0.0.9
274 silly currentTree ├── jodid25519@1.0.2
274 silly currentTree ├── jsbn@0.1.0
274 silly currentTree ├── json-schema@0.2.3
274 silly currentTree ├── json-stringify-safe@5.0.1
274 silly currentTree ├── json3@3.2.6
274 silly currentTree ├── jsonpointer@2.0.0
274 silly currentTree ├── jsprim@1.3.1
274 silly currentTree ├── karma-chrome-launcher@0.2.3
274 silly currentTree ├── karma-firefox-launcher@0.1.7
274 silly currentTree ├── karma-jasmine@0.3.8
274 silly currentTree ├── karma-junit-reporter@0.4.2
274 silly currentTree ├─┬ karma@0.13.22
274 silly currentTree │ └── colors@1.1.2
274 silly currentTree ├── kind-of@3.0.4
274 silly currentTree ├── lodash@3.10.1
274 silly currentTree ├─┬ log4js@0.6.38
274 silly currentTree │ ├── isarray@0.0.1
274 silly currentTree │ └── readable-stream@1.0.34
274 silly currentTree ├── lru-cache@2.2.4
274 silly currentTree ├── media-typer@0.3.0
274 silly currentTree ├── micromatch@2.3.11
274 silly currentTree ├── mime-db@1.24.0
274 silly currentTree ├── mime-types@2.1.12
274 silly currentTree ├── mime@1.3.4
274 silly currentTree ├── minimatch@3.0.3
274 silly currentTree ├── minimist@1.2.0
274 silly currentTree ├─┬ mkdirp@0.5.1
274 silly currentTree │ └── minimist@0.0.8
274 silly currentTree ├── ms@0.7.1
274 silly currentTree ├── negotiator@0.4.9
274 silly currentTree ├── node-uuid@1.4.7
274 silly currentTree ├── normalize-path@2.0.1
274 silly currentTree ├── null-check@1.0.0
274 silly currentTree ├── oauth-sign@0.8.2
274 silly currentTree ├── object-component@0.0.3
274 silly currentTree ├── object.omit@2.0.0
274 silly currentTree ├── on-finished@2.3.0
274 silly currentTree ├── once@1.4.0
274 silly currentTree ├── opener@1.4.2
274 silly currentTree ├─┬ optimist@0.6.1
274 silly currentTree │ └── minimist@0.0.10
274 silly currentTree ├── options@0.0.6
274 silly currentTree ├── parse-glob@3.0.4
274 silly currentTree ├── parsejson@0.0.1
274 silly currentTree ├── parseqs@0.0.2
274 silly currentTree ├── parseuri@0.0.4
274 silly currentTree ├── parseurl@1.3.1
274 silly currentTree ├── path-is-absolute@1.0.0
274 silly currentTree ├── pinkie-promise@2.0.1
274 silly currentTree ├── pinkie@2.0.4
274 silly currentTree ├── portfinder@0.4.0
274 silly currentTree ├── preserve@0.2.0
274 silly currentTree ├── process-nextick-args@1.0.7
274 silly currentTree ├─┬ protractor@3.3.0
274 silly currentTree │ └── glob@6.0.4
274 silly currentTree ├── q@1.4.1
274 silly currentTree ├── qs@2.3.3
274 silly currentTree ├── randomatic@1.1.5
274 silly currentTree ├── raw-body@2.1.7
274 silly currentTree ├── readable-stream@2.1.5
274 silly currentTree ├── readdirp@2.1.0
274 silly currentTree ├── regex-cache@0.4.3
274 silly currentTree ├── repeat-element@1.1.2
274 silly currentTree ├── repeat-string@1.5.4
274 silly currentTree ├─┬ request@2.67.0
274 silly currentTree │ └── qs@5.2.1
274 silly currentTree ├── requires-port@1.0.0
274 silly currentTree ├── rimraf@2.5.4
274 silly currentTree ├── saucelabs@1.0.1
274 silly currentTree ├── sax@0.6.1
274 silly currentTree ├─┬ selenium-webdriver@2.52.0
274 silly currentTree │ └── adm-zip@0.4.4
274 silly currentTree ├── semver@4.3.6
274 silly currentTree ├── set-immediate-shim@1.0.1
274 silly currentTree ├── setprototypeof@1.0.1
274 silly currentTree ├── sigmund@1.0.1
274 silly currentTree ├── sntp@1.0.9
274 silly currentTree ├─┬ socket.io-adapter@0.4.0
274 silly currentTree │ ├── isarray@0.0.1
274 silly currentTree │ └─┬ socket.io-parser@2.2.2
274 silly currentTree │   └── debug@0.7.4
274 silly currentTree ├─┬ socket.io-client@1.4.8
274 silly currentTree │ └── component-emitter@1.2.0
274 silly currentTree ├─┬ socket.io-parser@2.2.6
274 silly currentTree │ ├── isarray@0.0.1
274 silly currentTree │ └── json3@3.3.2
274 silly currentTree ├── socket.io@1.4.8
274 silly currentTree ├─┬ source-map-support@0.4.2
274 silly currentTree │ └── source-map@0.1.32
274 silly currentTree ├── source-map@0.5.6
274 silly currentTree ├─┬ sshpk@1.10.0
274 silly currentTree │ └── assert-plus@1.0.0
274 silly currentTree ├── statuses@1.3.0
274 silly currentTree ├── string_decoder@0.10.31
274 silly currentTree ├── stringstream@0.0.5
274 silly currentTree ├── strip-ansi@3.0.1
274 silly currentTree ├── supports-color@2.0.0
274 silly currentTree ├── tmp@0.0.24
274 silly currentTree ├── to-array@0.1.4
274 silly currentTree ├── tough-cookie@2.2.2
274 silly currentTree ├── tunnel-agent@0.4.3
274 silly currentTree ├── tweetnacl@0.13.3
274 silly currentTree ├── type-is@1.6.13
274 silly currentTree ├── ultron@1.0.2
274 silly currentTree ├── union@0.4.4
274 silly currentTree ├── unpipe@1.0.0
274 silly currentTree ├── url-join@1.1.0
274 silly currentTree ├── useragent@2.1.9
274 silly currentTree ├── utf8@2.1.0
274 silly currentTree ├── util-deprecate@1.0.2
274 silly currentTree ├── utils-merge@1.0.0
274 silly currentTree ├── verror@1.3.6
274 silly currentTree ├── void-elements@2.0.1
274 silly currentTree ├── which@1.2.11
274 silly currentTree ├── wordwrap@0.0.3
274 silly currentTree ├── wrappy@1.0.2
274 silly currentTree ├── ws@1.1.0
274 silly currentTree ├── xml2js@0.4.4
274 silly currentTree ├── xmlbuilder@3.1.0
274 silly currentTree ├── xmlhttprequest-ssl@1.5.1
274 silly currentTree ├── xtend@4.0.1
274 silly currentTree └── yeast@0.1.2
275 silly idealTree angular-seed@0.0.0
275 silly idealTree ├─┬ accepts@1.1.4
275 silly idealTree │ ├── mime-db@1.12.0
275 silly idealTree │ └── mime-types@2.0.14
275 silly idealTree ├── adm-zip@0.4.7
275 silly idealTree ├── after@0.8.1
275 silly idealTree ├─┬ agent-base@2.0.1
275 silly idealTree │ └── semver@5.0.3
275 silly idealTree ├── amdefine@1.0.0
275 silly idealTree ├── ansi-regex@2.0.0
275 silly idealTree ├── ansi-styles@2.2.1
275 silly idealTree ├── anymatch@1.3.0
275 silly idealTree ├── arr-diff@2.0.0
275 silly idealTree ├── arr-flatten@1.0.1
275 silly idealTree ├── array-slice@0.2.3
275 silly idealTree ├── array-unique@0.2.1
275 silly idealTree ├── arraybuffer.slice@0.0.6
275 silly idealTree ├── arrify@1.0.1
275 silly idealTree ├── asn1@0.2.3
275 silly idealTree ├── assert-plus@0.2.0
275 silly idealTree ├── async-each@1.0.1
275 silly idealTree ├── async@0.9.0
275 silly idealTree ├── aws-sign2@0.6.0
275 silly idealTree ├── backo2@1.0.2
275 silly idealTree ├── balanced-match@0.4.2
275 silly idealTree ├── base64-arraybuffer@0.1.2
275 silly idealTree ├── base64id@0.1.0
275 silly idealTree ├── batch@0.5.3
275 silly idealTree ├─┬ bcrypt-pbkdf@1.0.0
275 silly idealTree │ └── tweetnacl@0.14.3
275 silly idealTree ├── benchmark@1.0.0
275 silly idealTree ├── better-assert@1.0.2
275 silly idealTree ├── binary-extensions@1.6.0
275 silly idealTree ├─┬ bl@1.0.3
275 silly idealTree │ └── readable-stream@2.0.6
275 silly idealTree ├── blob@0.0.4
275 silly idealTree ├── bluebird@2.11.0
275 silly idealTree ├─┬ body-parser@1.15.2
275 silly idealTree │ └── qs@6.2.0
275 silly idealTree ├── boom@2.10.1
275 silly idealTree ├── bower@1.7.9
275 silly idealTree ├── brace-expansion@1.1.6
275 silly idealTree ├── braces@1.8.5
275 silly idealTree ├── buffer-shims@1.0.0
275 silly idealTree ├── bytes@2.4.0
275 silly idealTree ├── callsite@1.0.0
275 silly idealTree ├── caseless@0.11.0
275 silly idealTree ├── chalk@1.1.3
275 silly idealTree ├── chart.js@2.3.0
275 silly idealTree ├── chartjs-color-string@0.4.0
275 silly idealTree ├── chartjs-color@2.0.0
275 silly idealTree ├── chokidar@1.6.0
275 silly idealTree ├── color-convert@0.5.3
275 silly idealTree ├── color-name@1.1.1
275 silly idealTree ├── colors@1.0.3
275 silly idealTree ├── combined-stream@1.0.5
275 silly idealTree ├── commander@2.9.0
275 silly idealTree ├── component-bind@1.0.0
275 silly idealTree ├── component-emitter@1.1.2
275 silly idealTree ├── component-inherit@0.0.3
275 silly idealTree ├── concat-map@0.0.1
275 silly idealTree ├── connect@3.5.0
275 silly idealTree ├── content-type@1.0.2
275 silly idealTree ├── core-js@2.4.1
275 silly idealTree ├── core-util-is@1.0.2
275 silly idealTree ├── corser@2.0.1
275 silly idealTree ├── cryptiles@2.0.5
275 silly idealTree ├── custom-event@1.0.0
275 silly idealTree ├─┬ dashdash@1.14.0
275 silly idealTree │ └── assert-plus@1.0.0
275 silly idealTree ├── debug@2.2.0
275 silly idealTree ├── delayed-stream@1.0.0
275 silly idealTree ├── depd@1.1.0
275 silly idealTree ├── di@0.0.1
275 silly idealTree ├── dom-serialize@2.2.1
275 silly idealTree ├── ecc-jsbn@0.1.1
275 silly idealTree ├── ecstatic@1.4.1
275 silly idealTree ├── ee-first@1.1.1
275 silly idealTree ├─┬ engine.io-client@1.6.11
275 silly idealTree │ └── ws@1.0.1
275 silly idealTree ├─┬ engine.io-parser@1.2.4
275 silly idealTree │ ├── has-binary@0.1.6
275 silly idealTree │ └── isarray@0.0.1
275 silly idealTree ├── engine.io@1.6.11
275 silly idealTree ├── ent@2.2.0
275 silly idealTree ├── escape-html@1.0.3
275 silly idealTree ├── escape-string-regexp@1.0.5
275 silly idealTree ├── eventemitter3@1.2.0
275 silly idealTree ├── exit@0.1.2
275 silly idealTree ├─┬ expand-braces@0.1.2
275 silly idealTree │ ├── braces@0.1.5
275 silly idealTree │ ├── expand-range@0.1.1
275 silly idealTree │ ├── is-number@0.1.1
275 silly idealTree │ └── repeat-string@0.2.2
275 silly idealTree ├── expand-brackets@0.1.5
275 silly idealTree ├── expand-range@1.8.2
275 silly idealTree ├── extend@3.0.0
275 silly idealTree ├── extglob@0.3.2
275 silly idealTree ├── extsprintf@1.0.2
275 silly idealTree ├── filename-regex@2.0.0
275 silly idealTree ├── fill-range@2.2.3
275 silly idealTree ├── finalhandler@0.5.0
275 silly idealTree ├── for-in@0.1.6
275 silly idealTree ├── for-own@0.1.4
275 silly idealTree ├── forever-agent@0.6.1
275 silly idealTree ├─┬ form-data@1.0.1
275 silly idealTree │ ├── async@2.0.1
275 silly idealTree │ └── lodash@4.16.0
275 silly idealTree ├── fs-access@1.0.0
275 silly idealTree ├── fs.realpath@1.0.0
275 silly idealTree ├── generate-function@2.0.0
275 silly idealTree ├── generate-object-property@1.2.0
275 silly idealTree ├─┬ getpass@0.1.6
275 silly idealTree │ └── assert-plus@1.0.0
275 silly idealTree ├── glob-base@0.3.0
275 silly idealTree ├── glob-parent@2.0.0
275 silly idealTree ├── glob@7.0.6
275 silly idealTree ├── graceful-fs@4.1.6
275 silly idealTree ├── graceful-readlink@1.0.1
275 silly idealTree ├── har-validator@2.0.6
275 silly idealTree ├── has-ansi@2.0.0
275 silly idealTree ├─┬ has-binary@0.1.7
275 silly idealTree │ └── isarray@0.0.1
275 silly idealTree ├── has-cors@1.1.0
275 silly idealTree ├── hawk@3.1.3
275 silly idealTree ├── he@0.5.0
275 silly idealTree ├── hoek@2.16.3
275 silly idealTree ├── http-errors@1.5.0
275 silly idealTree ├── http-proxy@1.15.1
275 silly idealTree ├── http-server@0.9.0
275 silly idealTree ├── http-signature@1.1.1
275 silly idealTree ├── https-proxy-agent@1.0.0
275 silly idealTree ├── iconv-lite@0.4.13
275 silly idealTree ├── indexof@0.0.1
275 silly idealTree ├── inflight@1.0.5
275 silly idealTree ├── inherits@2.0.1
275 silly idealTree ├── is-binary-path@1.0.1
275 silly idealTree ├── is-buffer@1.1.4
275 silly idealTree ├── is-dotfile@1.0.2
275 silly idealTree ├── is-equal-shallow@0.1.3
275 silly idealTree ├── is-extendable@0.1.1
275 silly idealTree ├── is-extglob@1.0.0
275 silly idealTree ├── is-glob@2.0.1
275 silly idealTree ├── is-my-json-valid@2.14.0
275 silly idealTree ├── is-number@2.1.0
275 silly idealTree ├── is-posix-bracket@0.1.1
275 silly idealTree ├── is-primitive@2.0.0
275 silly idealTree ├── is-property@1.0.2
275 silly idealTree ├── is-typedarray@1.0.0
275 silly idealTree ├── isarray@1.0.0
275 silly idealTree ├── isbinaryfile@3.0.1
275 silly idealTree ├── isexe@1.1.2
275 silly idealTree ├── isobject@2.1.0
275 silly idealTree ├── isstream@0.1.2
275 silly idealTree ├── jasmine-core@2.5.2
275 silly idealTree ├─┬ jasmine@2.4.1
275 silly idealTree │ ├── glob@3.2.11
275 silly idealTree │ ├── jasmine-core@2.4.1
275 silly idealTree │ └── minimatch@0.3.0
275 silly idealTree ├── jasminewd2@0.0.9
275 silly idealTree ├── jodid25519@1.0.2
275 silly idealTree ├── jsbn@0.1.0
275 silly idealTree ├── json-schema@0.2.3
275 silly idealTree ├── json-stringify-safe@5.0.1
275 silly idealTree ├── json3@3.2.6
275 silly idealTree ├── jsonpointer@2.0.0
275 silly idealTree ├── jsprim@1.3.1
275 silly idealTree ├── karma-chrome-launcher@0.2.3
275 silly idealTree ├── karma-firefox-launcher@0.1.7
275 silly idealTree ├── karma-jasmine@0.3.8
275 silly idealTree ├── karma-junit-reporter@0.4.2
275 silly idealTree ├─┬ karma@0.13.22
275 silly idealTree │ └── colors@1.1.2
275 silly idealTree ├── kind-of@3.0.4
275 silly idealTree ├── lodash@3.10.1
275 silly idealTree ├─┬ log4js@0.6.38
275 silly idealTree │ ├── isarray@0.0.1
275 silly idealTree │ └── readable-stream@1.0.34
275 silly idealTree ├── lru-cache@2.2.4
275 silly idealTree ├── media-typer@0.3.0
275 silly idealTree ├── micromatch@2.3.11
275 silly idealTree ├── mime-db@1.24.0
275 silly idealTree ├── mime-types@2.1.12
275 silly idealTree ├── mime@1.3.4
275 silly idealTree ├── minimatch@3.0.3
275 silly idealTree ├── minimist@1.2.0
275 silly idealTree ├─┬ mkdirp@0.5.1
275 silly idealTree │ └── minimist@0.0.8
275 silly idealTree ├── moment@2.15.1
275 silly idealTree ├── ms@0.7.1
275 silly idealTree ├── negotiator@0.4.9
275 silly idealTree ├── node-uuid@1.4.7
275 silly idealTree ├── normalize-path@2.0.1
275 silly idealTree ├── null-check@1.0.0
275 silly idealTree ├── oauth-sign@0.8.2
275 silly idealTree ├── object-component@0.0.3
275 silly idealTree ├── object.omit@2.0.0
275 silly idealTree ├── on-finished@2.3.0
275 silly idealTree ├── once@1.4.0
275 silly idealTree ├── opener@1.4.2
275 silly idealTree ├─┬ optimist@0.6.1
275 silly idealTree │ └── minimist@0.0.10
275 silly idealTree ├── options@0.0.6
275 silly idealTree ├── parse-glob@3.0.4
275 silly idealTree ├── parsejson@0.0.1
275 silly idealTree ├── parseqs@0.0.2
275 silly idealTree ├── parseuri@0.0.4
275 silly idealTree ├── parseurl@1.3.1
275 silly idealTree ├── path-is-absolute@1.0.0
275 silly idealTree ├── pinkie-promise@2.0.1
275 silly idealTree ├── pinkie@2.0.4
275 silly idealTree ├── portfinder@0.4.0
275 silly idealTree ├── preserve@0.2.0
275 silly idealTree ├── process-nextick-args@1.0.7
275 silly idealTree ├─┬ protractor@3.3.0
275 silly idealTree │ └── glob@6.0.4
275 silly idealTree ├── q@1.4.1
275 silly idealTree ├── qs@2.3.3
275 silly idealTree ├── randomatic@1.1.5
275 silly idealTree ├── raw-body@2.1.7
275 silly idealTree ├── readable-stream@2.1.5
275 silly idealTree ├── readdirp@2.1.0
275 silly idealTree ├── regex-cache@0.4.3
275 silly idealTree ├── repeat-element@1.1.2
275 silly idealTree ├── repeat-string@1.5.4
275 silly idealTree ├─┬ request@2.67.0
275 silly idealTree │ └── qs@5.2.1
275 silly idealTree ├── requires-port@1.0.0
275 silly idealTree ├── rimraf@2.5.4
275 silly idealTree ├── saucelabs@1.0.1
275 silly idealTree ├── sax@0.6.1
275 silly idealTree ├─┬ selenium-webdriver@2.52.0
275 silly idealTree │ └── adm-zip@0.4.4
275 silly idealTree ├── semver@4.3.6
275 silly idealTree ├── set-immediate-shim@1.0.1
275 silly idealTree ├── setprototypeof@1.0.1
275 silly idealTree ├── sigmund@1.0.1
275 silly idealTree ├── sntp@1.0.9
275 silly idealTree ├─┬ socket.io-adapter@0.4.0
275 silly idealTree │ ├── isarray@0.0.1
275 silly idealTree │ └─┬ socket.io-parser@2.2.2
275 silly idealTree │   └── debug@0.7.4
275 silly idealTree ├─┬ socket.io-client@1.4.8
275 silly idealTree │ └── component-emitter@1.2.0
275 silly idealTree ├─┬ socket.io-parser@2.2.6
275 silly idealTree │ ├── isarray@0.0.1
275 silly idealTree │ └── json3@3.3.2
275 silly idealTree ├── socket.io@1.4.8
275 silly idealTree ├─┬ source-map-support@0.4.2
275 silly idealTree │ └── source-map@0.1.32
275 silly idealTree ├── source-map@0.5.6
275 silly idealTree ├─┬ sshpk@1.10.0
275 silly idealTree │ └── assert-plus@1.0.0
275 silly idealTree ├── statuses@1.3.0
275 silly idealTree ├── string_decoder@0.10.31
275 silly idealTree ├── stringstream@0.0.5
275 silly idealTree ├── strip-ansi@3.0.1
275 silly idealTree ├── supports-color@2.0.0
275 silly idealTree ├── tmp@0.0.24
275 silly idealTree ├── to-array@0.1.4
275 silly idealTree ├── tough-cookie@2.2.2
275 silly idealTree ├── tunnel-agent@0.4.3
275 silly idealTree ├── tweetnacl@0.13.3
275 silly idealTree ├── type-is@1.6.13
275 silly idealTree ├── ultron@1.0.2
275 silly idealTree ├── union@0.4.4
275 silly idealTree ├── unpipe@1.0.0
275 silly idealTree ├── url-join@1.1.0
275 silly idealTree ├── useragent@2.1.9
275 silly idealTree ├── utf8@2.1.0
275 silly idealTree ├── util-deprecate@1.0.2
275 silly idealTree ├── utils-merge@1.0.0
275 silly idealTree ├── verror@1.3.6
275 silly idealTree ├── void-elements@2.0.1
275 silly idealTree ├── which@1.2.11
275 silly idealTree ├── wordwrap@0.0.3
275 silly idealTree ├── wrappy@1.0.2
275 silly idealTree ├── ws@1.1.0
275 silly idealTree ├── xml2js@0.4.4
275 silly idealTree ├── xmlbuilder@3.1.0
275 silly idealTree ├── xmlhttprequest-ssl@1.5.1
275 silly idealTree ├── xtend@4.0.1
275 silly idealTree └── yeast@0.1.2
276 silly generateActionsToTake Starting
277 silly install generateActionsToTake
278 warn checkPermissions Missing write access to /var/www/pmorcilladev/pse_screener/admin/node_modules
279 silly rollbackFailedOptional Starting
280 silly rollbackFailedOptional Finishing
281 silly runTopLevelLifecycles Starting
282 silly runTopLevelLifecycles Finishing
283 silly install printInstalled
284 warn optional Skipping failed optional dependency /chokidar/fsevents:
285 warn notsup Not compatible with your operating system or architecture: fsevents@1.0.14
286 verbose stack Error: EACCES: permission denied, access '/var/www/pmorcilladev/pse_screener/admin/node_modules'
286 verbose stack     at Error (native)
287 verbose cwd /var/www/pmorcilladev/pse_screener/admin
288 error Linux 3.13.0-88-generic
289 error argv "/usr/bin/nodejs" "/usr/bin/npm" "install" "chart.js" "--save"
290 error node v6.5.0
291 error npm  v3.10.3
292 error path /var/www/pmorcilladev/pse_screener/admin/node_modules
293 error code EACCES
294 error errno -13
295 error syscall access
296 error Error: EACCES: permission denied, access '/var/www/pmorcilladev/pse_screener/admin/node_modules'
296 error     at Error (native)
296 error  { Error: EACCES: permission denied, access '/var/www/pmorcilladev/pse_screener/admin/node_modules'
296 error     at Error (native)
296 error   errno: -13,
296 error   code: 'EACCES',
296 error   syscall: 'access',
296 error   path: '/var/www/pmorcilladev/pse_screener/admin/node_modules' }
297 error Please try running this command again as root/Administrator.
298 verbose exit [ -13, true ]
